<?xml version="1.0" encoding="UTF-8"?>
<testsuite name="Navegación exitosa a una página en DemoQA" tests="4" skipped="0" failures="2" errors="0" timestamp="2024-07-23T12:36:01" hostname="RICK" time="162.247">
  <properties/>
  <testcase name="Interacción exitosa con el módulo textbox" classname="Navegación exitosa a una página en DemoQA" time="50.122">
    <failure message="org.openqa.selenium.ElementClickInterceptedException: element click intercepted: Element &lt;button id=&quot;submit&quot; type=&quot;button&quot; class=&quot;btn btn-primary&quot;&gt;...&lt;/button&gt; is not clickable at point (1044, 679). Other element would receive the click: &lt;iframe frameborder=&quot;0&quot; src=&quot;https://9f5b8ef8d6d675926e2aa29a9f1b4616.safeframe.googlesyndication.com/safeframe/1-0-40/html/container.html&quot; id=&quot;google_ads_iframe_/21849154601,22343295815/Ad.Plus-Anchor_0&quot; title=&quot;3rd party ad content&quot; name=&quot;&quot; scrolling=&quot;no&quot; marginwidth=&quot;0&quot; marginheight=&quot;0&quot; width=&quot;728&quot; height=&quot;90&quot; data-is-safeframe=&quot;true&quot; sandbox=&quot;allow-forms allow-popups allow-popups-to-escape-sandbox allow-same-origin allow-scripts allow-top-navigation-by-user-activation&quot; allow=&quot;attribution-reporting&quot; aria-label=&quot;Advertisement&quot; tabindex=&quot;0&quot; data-google-container-id=&quot;1&quot; style=&quot;border: 0px; vertical-align: bottom;&quot; data-load-complete=&quot;true&quot;&gt;&lt;/iframe&gt;&#10;  (Session info: MicrosoftEdge=126.0.2592.113)&#10;Build info: version: '4.10.0', revision: 'c14d967899'&#10;System info: os.name: 'Windows 11', os.arch: 'amd64', os.version: '10.0', java.version: '11.0.23'&#10;Driver info: org.openqa.selenium.edge.EdgeDriver&#10;Command: [0027627b2205f4a4028d8b7c642dac7e, clickElement {id=f.C7DE2206162CCBEF03E32EAEB9F6BA06.d.3D7670B46946CE5968913BF9B6BA2E9F.e.48}]&#10;Capabilities {acceptInsecureCerts: false, browserName: MicrosoftEdge, browserVersion: 126.0.2592.113, fedcm:accounts: true, ms:edgeOptions: {debuggerAddress: localhost:53533}, msedge: {msedgedriverVersion: 126.0.2592.113 (088a59f7406..., userDataDir: C:\Users\rickn\AppData\Loca...}, networkConnectionEnabled: false, pageLoadStrategy: normal, platformName: windows, proxy: Proxy(), se:cdp: ws://localhost:53533/devtoo..., se:cdpVersion: 126.0.2592.113, setWindowRect: true, strictFileInteractability: false, timeouts: {implicit: 0, pageLoad: 300000, script: 30000}, unhandledPromptBehavior: dismiss and notify, webauthn:extension:credBlob: true, webauthn:extension:largeBlob: true, webauthn:extension:minPinLength: true, webauthn:extension:prf: true, webauthn:virtualAuthenticators: true}&#10;Element: [[EdgeDriver: MicrosoftEdge on windows (0027627b2205f4a4028d8b7c642dac7e)] -&gt; id: submit]&#10;Session ID: 0027627b2205f4a4028d8b7c642dac7e" type="org.openqa.selenium.ElementClickInterceptedException">org.openqa.selenium.ElementClickInterceptedException: element click intercepted: Element &lt;button id=&quot;submit&quot; type=&quot;button&quot; class=&quot;btn btn-primary&quot;&gt;...&lt;/button&gt; is not clickable at point (1044, 679). Other element would receive the click: &lt;iframe frameborder=&quot;0&quot; src=&quot;https://9f5b8ef8d6d675926e2aa29a9f1b4616.safeframe.googlesyndication.com/safeframe/1-0-40/html/container.html&quot; id=&quot;google_ads_iframe_/21849154601,22343295815/Ad.Plus-Anchor_0&quot; title=&quot;3rd party ad content&quot; name=&quot;&quot; scrolling=&quot;no&quot; marginwidth=&quot;0&quot; marginheight=&quot;0&quot; width=&quot;728&quot; height=&quot;90&quot; data-is-safeframe=&quot;true&quot; sandbox=&quot;allow-forms allow-popups allow-popups-to-escape-sandbox allow-same-origin allow-scripts allow-top-navigation-by-user-activation&quot; allow=&quot;attribution-reporting&quot; aria-label=&quot;Advertisement&quot; tabindex=&quot;0&quot; data-google-container-id=&quot;1&quot; style=&quot;border: 0px; vertical-align: bottom;&quot; data-load-complete=&quot;true&quot;&gt;&lt;/iframe&gt;
  (Session info: MicrosoftEdge=126.0.2592.113)
Build info: version: '4.10.0', revision: 'c14d967899'
System info: os.name: 'Windows 11', os.arch: 'amd64', os.version: '10.0', java.version: '11.0.23'
Driver info: org.openqa.selenium.edge.EdgeDriver
Command: [0027627b2205f4a4028d8b7c642dac7e, clickElement {id=f.C7DE2206162CCBEF03E32EAEB9F6BA06.d.3D7670B46946CE5968913BF9B6BA2E9F.e.48}]
Capabilities {acceptInsecureCerts: false, browserName: MicrosoftEdge, browserVersion: 126.0.2592.113, fedcm:accounts: true, ms:edgeOptions: {debuggerAddress: localhost:53533}, msedge: {msedgedriverVersion: 126.0.2592.113 (088a59f7406..., userDataDir: C:\Users\rickn\AppData\Loca...}, networkConnectionEnabled: false, pageLoadStrategy: normal, platformName: windows, proxy: Proxy(), se:cdp: ws://localhost:53533/devtoo..., se:cdpVersion: 126.0.2592.113, setWindowRect: true, strictFileInteractability: false, timeouts: {implicit: 0, pageLoad: 300000, script: 30000}, unhandledPromptBehavior: dismiss and notify, webauthn:extension:credBlob: true, webauthn:extension:largeBlob: true, webauthn:extension:minPinLength: true, webauthn:extension:prf: true, webauthn:virtualAuthenticators: true}
Element: [[EdgeDriver: MicrosoftEdge on windows (0027627b2205f4a4028d8b7c642dac7e)] -&gt; id: submit]
Session ID: 0027627b2205f4a4028d8b7c642dac7e
	at java.base@11.0.23/jdk.internal.reflect.NativeConstructorAccessorImpl.newInstance0(Native Method)
	at java.base@11.0.23/jdk.internal.reflect.NativeConstructorAccessorImpl.newInstance(NativeConstructorAccessorImpl.java:62)
	at java.base@11.0.23/jdk.internal.reflect.DelegatingConstructorAccessorImpl.newInstance(DelegatingConstructorAccessorImpl.java:45)
	at java.base@11.0.23/java.lang.reflect.Constructor.newInstance(Constructor.java:490)
	at app//org.openqa.selenium.remote.codec.w3c.W3CHttpResponseCodec.createException(W3CHttpResponseCodec.java:199)
	at app//org.openqa.selenium.remote.codec.w3c.W3CHttpResponseCodec.decode(W3CHttpResponseCodec.java:132)
	at app//org.openqa.selenium.remote.codec.w3c.W3CHttpResponseCodec.decode(W3CHttpResponseCodec.java:51)
	at app//org.openqa.selenium.remote.HttpCommandExecutor.execute(HttpCommandExecutor.java:191)
	at app//org.openqa.selenium.remote.service.DriverCommandExecutor.invokeExecute(DriverCommandExecutor.java:196)
	at app//org.openqa.selenium.remote.service.DriverCommandExecutor.execute(DriverCommandExecutor.java:171)
	at app//org.openqa.selenium.remote.RemoteWebDriver.execute(RemoteWebDriver.java:531)
	at app//org.openqa.selenium.remote.RemoteWebElement.execute(RemoteWebElement.java:242)
	at app//org.openqa.selenium.remote.RemoteWebElement.click(RemoteWebElement.java:77)
	at app//net.serenitybdd.core.pages.WebElementFacadeImpl.lambda$click$6(WebElementFacadeImpl.java:1213)
	at app//net.serenitybdd.core.pages.WithRetries.perform(WithRetries.java:22)
	at app//net.serenitybdd.core.pages.WithRetries.perform(WithRetries.java:27)
	at app//net.serenitybdd.core.pages.WithRetries.perform(WithRetries.java:27)
	at app//net.serenitybdd.core.pages.WithRetries.perform(WithRetries.java:27)
	at app//net.serenitybdd.core.pages.WithRetries.perform(WithRetries.java:27)
	at app//net.serenitybdd.core.pages.WithRetries.perform(WithRetries.java:27)
	at app//net.serenitybdd.core.pages.WithRetries.perform(WithRetries.java:27)
	at app//net.serenitybdd.core.pages.WithRetries.perform(WithRetries.java:27)
	at app//net.serenitybdd.core.pages.WithRetries.perform(WithRetries.java:27)
	at app//net.serenitybdd.core.pages.WithRetries.perform(WithRetries.java:27)
	at app//net.serenitybdd.core.pages.WithRetries.perform(WithRetries.java:27)
	at app//net.serenitybdd.core.pages.WithRetries.perform(WithRetries.java:27)
	at app//net.serenitybdd.core.pages.WebElementFacadeImpl.click(WebElementFacadeImpl.java:1213)
	at app//net.serenitybdd.screenplay.actions.ClickOnTarget.performAs(ClickOnTarget.java:14)
	at app//net.serenitybdd.screenplay.actions.ClickOnTarget$ByteBuddy$JyIgw3uY.performAs$accessor$i83kE0N3(Unknown Source)
	at java.base@11.0.23/jdk.internal.reflect.NativeMethodAccessorImpl.invoke0(Native Method)
	at java.base@11.0.23/jdk.internal.reflect.NativeMethodAccessorImpl.invoke(NativeMethodAccessorImpl.java:62)
	at java.base@11.0.23/jdk.internal.reflect.DelegatingMethodAccessorImpl.invoke(DelegatingMethodAccessorImpl.java:43)
	at java.base@11.0.23/java.lang.reflect.Method.invoke(Method.java:566)
	at app//net.thucydides.core.steps.StepInterceptor.invokeMethod(StepInterceptor.java:522)
	at app//net.thucydides.core.steps.StepInterceptor.executeTestStepMethod(StepInterceptor.java:502)
	at app//net.thucydides.core.steps.StepInterceptor.runTestStep(StepInterceptor.java:474)
	at app//net.thucydides.core.steps.StepInterceptor.runOrSkipMethod(StepInterceptor.java:213)
	at app//net.thucydides.core.steps.StepInterceptor.testStepResult(StepInterceptor.java:200)
	at app//net.thucydides.core.steps.StepInterceptor.intercept(StepInterceptor.java:88)
	at app//net.thucydides.core.steps.ProxyConfiguration$InterceptorDispatcher.intercept(ProxyConfiguration.java:51)
	at app//net.serenitybdd.screenplay.actions.ClickOnTarget$ByteBuddy$JyIgw3uY.performAs(Unknown Source)
	at app//net.serenitybdd.screenplay.Actor.performTask(Actor.java:299)
	at app//net.serenitybdd.screenplay.Actor.perform(Actor.java:274)
	at app//net.serenitybdd.screenplay.Actor.attemptsTo(Actor.java:215)
	at app//net.serenitybdd.screenplay.Actor.attemptsTo(Actor.java:222)
	at app//com.demo.tasks.TextBox.performAs(TextBox.java:21)
	at app//com.demo.tasks.TextBox$ByteBuddy$tpNEt1wW.performAs$accessor$g3EQnbxc(Unknown Source)
	at java.base@11.0.23/jdk.internal.reflect.NativeMethodAccessorImpl.invoke0(Native Method)
	at java.base@11.0.23/jdk.internal.reflect.NativeMethodAccessorImpl.invoke(NativeMethodAccessorImpl.java:62)
	at java.base@11.0.23/jdk.internal.reflect.DelegatingMethodAccessorImpl.invoke(DelegatingMethodAccessorImpl.java:43)
	at java.base@11.0.23/java.lang.reflect.Method.invoke(Method.java:566)
	at app//net.thucydides.core.steps.StepInterceptor.invokeMethod(StepInterceptor.java:522)
	at app//net.thucydides.core.steps.StepInterceptor.executeTestStepMethod(StepInterceptor.java:502)
	at app//net.thucydides.core.steps.StepInterceptor.runTestStep(StepInterceptor.java:474)
	at app//net.thucydides.core.steps.StepInterceptor.runOrSkipMethod(StepInterceptor.java:213)
	at app//net.thucydides.core.steps.StepInterceptor.testStepResult(StepInterceptor.java:200)
	at app//net.thucydides.core.steps.StepInterceptor.intercept(StepInterceptor.java:88)
	at app//net.thucydides.core.steps.ProxyConfiguration$InterceptorDispatcher.intercept(ProxyConfiguration.java:51)
	at app//com.demo.tasks.TextBox$ByteBuddy$tpNEt1wW.performAs(Unknown Source)
	at app//net.serenitybdd.screenplay.Actor.performTask(Actor.java:299)
	at app//net.serenitybdd.screenplay.Actor.perform(Actor.java:274)
	at app//net.serenitybdd.screenplay.Actor.attemptsTo(Actor.java:215)
	at app//net.serenitybdd.screenplay.Actor.attemptsTo(Actor.java:222)
	at app//com.demo.stepDefinitions.elements.elUsuarioInteractuaLaSecciónTextbox(elements.java:40)
	at ✽.el usuario interactua la sección textbox(file:///C:/Users/rickn/Downloads/ProyectoBaseScreenplay-main-20240722T140951Z-001/ProyectoBaseScreenplay-main/src/test/resources/features/elements.feature:9)
</failure>
  </testcase>
  <testcase name="Interacción exitosa con el módulo checkbox" classname="Navegación exitosa a una página en DemoQA" time="51.017">
    <failure message="org.openqa.selenium.ElementClickInterceptedException: element click intercepted: Element &lt;button aria-label=&quot;Toggle&quot; title=&quot;Toggle&quot; type=&quot;button&quot; class=&quot;rct-collapse rct-collapse-btn&quot;&gt;...&lt;/button&gt; is not clickable at point (431, 590). Other element would receive the click: &lt;div&gt;...&lt;/div&gt;&#10;  (Session info: MicrosoftEdge=126.0.2592.113)&#10;Build info: version: '4.10.0', revision: 'c14d967899'&#10;System info: os.name: 'Windows 11', os.arch: 'amd64', os.version: '10.0', java.version: '11.0.23'&#10;Driver info: org.openqa.selenium.edge.EdgeDriver&#10;Command: [36fe633a053cff56b6e905e26c7ba8b9, clickElement {id=f.F16F8C3E11B4F96BCA329FAEFEC403EB.d.88FAE220FA22963B7247A9E570A7510F.e.55}]&#10;Capabilities {acceptInsecureCerts: false, browserName: MicrosoftEdge, browserVersion: 126.0.2592.113, fedcm:accounts: true, ms:edgeOptions: {debuggerAddress: localhost:53761}, msedge: {msedgedriverVersion: 126.0.2592.113 (088a59f7406..., userDataDir: C:\Users\rickn\AppData\Loca...}, networkConnectionEnabled: false, pageLoadStrategy: normal, platformName: windows, proxy: Proxy(), se:cdp: ws://localhost:53761/devtoo..., se:cdpVersion: 126.0.2592.113, setWindowRect: true, strictFileInteractability: false, timeouts: {implicit: 0, pageLoad: 300000, script: 30000}, unhandledPromptBehavior: dismiss and notify, webauthn:extension:credBlob: true, webauthn:extension:largeBlob: true, webauthn:extension:minPinLength: true, webauthn:extension:prf: true, webauthn:virtualAuthenticators: true}&#10;Element: [[EdgeDriver: MicrosoftEdge on windows (36fe633a053cff56b6e905e26c7ba8b9)] -&gt; xpath: //span[contains(text(), 'Documents')]/../../button]&#10;Session ID: 36fe633a053cff56b6e905e26c7ba8b9" type="org.openqa.selenium.ElementClickInterceptedException">org.openqa.selenium.ElementClickInterceptedException: element click intercepted: Element &lt;button aria-label=&quot;Toggle&quot; title=&quot;Toggle&quot; type=&quot;button&quot; class=&quot;rct-collapse rct-collapse-btn&quot;&gt;...&lt;/button&gt; is not clickable at point (431, 590). Other element would receive the click: &lt;div&gt;...&lt;/div&gt;
  (Session info: MicrosoftEdge=126.0.2592.113)
Build info: version: '4.10.0', revision: 'c14d967899'
System info: os.name: 'Windows 11', os.arch: 'amd64', os.version: '10.0', java.version: '11.0.23'
Driver info: org.openqa.selenium.edge.EdgeDriver
Command: [36fe633a053cff56b6e905e26c7ba8b9, clickElement {id=f.F16F8C3E11B4F96BCA329FAEFEC403EB.d.88FAE220FA22963B7247A9E570A7510F.e.55}]
Capabilities {acceptInsecureCerts: false, browserName: MicrosoftEdge, browserVersion: 126.0.2592.113, fedcm:accounts: true, ms:edgeOptions: {debuggerAddress: localhost:53761}, msedge: {msedgedriverVersion: 126.0.2592.113 (088a59f7406..., userDataDir: C:\Users\rickn\AppData\Loca...}, networkConnectionEnabled: false, pageLoadStrategy: normal, platformName: windows, proxy: Proxy(), se:cdp: ws://localhost:53761/devtoo..., se:cdpVersion: 126.0.2592.113, setWindowRect: true, strictFileInteractability: false, timeouts: {implicit: 0, pageLoad: 300000, script: 30000}, unhandledPromptBehavior: dismiss and notify, webauthn:extension:credBlob: true, webauthn:extension:largeBlob: true, webauthn:extension:minPinLength: true, webauthn:extension:prf: true, webauthn:virtualAuthenticators: true}
Element: [[EdgeDriver: MicrosoftEdge on windows (36fe633a053cff56b6e905e26c7ba8b9)] -&gt; xpath: //span[contains(text(), 'Documents')]/../../button]
Session ID: 36fe633a053cff56b6e905e26c7ba8b9
	at jdk.internal.reflect.GeneratedConstructorAccessor17.newInstance(Unknown Source)
	at java.base@11.0.23/jdk.internal.reflect.DelegatingConstructorAccessorImpl.newInstance(DelegatingConstructorAccessorImpl.java:45)
	at java.base@11.0.23/java.lang.reflect.Constructor.newInstance(Constructor.java:490)
	at app//org.openqa.selenium.remote.codec.w3c.W3CHttpResponseCodec.createException(W3CHttpResponseCodec.java:199)
	at app//org.openqa.selenium.remote.codec.w3c.W3CHttpResponseCodec.decode(W3CHttpResponseCodec.java:132)
	at app//org.openqa.selenium.remote.codec.w3c.W3CHttpResponseCodec.decode(W3CHttpResponseCodec.java:51)
	at app//org.openqa.selenium.remote.HttpCommandExecutor.execute(HttpCommandExecutor.java:191)
	at app//org.openqa.selenium.remote.service.DriverCommandExecutor.invokeExecute(DriverCommandExecutor.java:196)
	at app//org.openqa.selenium.remote.service.DriverCommandExecutor.execute(DriverCommandExecutor.java:171)
	at app//org.openqa.selenium.remote.RemoteWebDriver.execute(RemoteWebDriver.java:531)
	at app//org.openqa.selenium.remote.RemoteWebElement.execute(RemoteWebElement.java:242)
	at app//org.openqa.selenium.remote.RemoteWebElement.click(RemoteWebElement.java:77)
	at app//net.serenitybdd.core.pages.WebElementFacadeImpl.lambda$click$6(WebElementFacadeImpl.java:1213)
	at app//net.serenitybdd.core.pages.WithRetries.perform(WithRetries.java:22)
	at app//net.serenitybdd.core.pages.WithRetries.perform(WithRetries.java:27)
	at app//net.serenitybdd.core.pages.WithRetries.perform(WithRetries.java:27)
	at app//net.serenitybdd.core.pages.WithRetries.perform(WithRetries.java:27)
	at app//net.serenitybdd.core.pages.WithRetries.perform(WithRetries.java:27)
	at app//net.serenitybdd.core.pages.WithRetries.perform(WithRetries.java:27)
	at app//net.serenitybdd.core.pages.WithRetries.perform(WithRetries.java:27)
	at app//net.serenitybdd.core.pages.WithRetries.perform(WithRetries.java:27)
	at app//net.serenitybdd.core.pages.WithRetries.perform(WithRetries.java:27)
	at app//net.serenitybdd.core.pages.WithRetries.perform(WithRetries.java:27)
	at app//net.serenitybdd.core.pages.WithRetries.perform(WithRetries.java:27)
	at app//net.serenitybdd.core.pages.WithRetries.perform(WithRetries.java:27)
	at app//net.serenitybdd.core.pages.WebElementFacadeImpl.click(WebElementFacadeImpl.java:1213)
	at app//net.serenitybdd.screenplay.actions.ClickOnTarget.performAs(ClickOnTarget.java:14)
	at app//net.serenitybdd.screenplay.actions.ClickOnTarget$ByteBuddy$JyIgw3uY.performAs$accessor$i83kE0N3(Unknown Source)
	at java.base@11.0.23/jdk.internal.reflect.NativeMethodAccessorImpl.invoke0(Native Method)
	at java.base@11.0.23/jdk.internal.reflect.NativeMethodAccessorImpl.invoke(NativeMethodAccessorImpl.java:62)
	at java.base@11.0.23/jdk.internal.reflect.DelegatingMethodAccessorImpl.invoke(DelegatingMethodAccessorImpl.java:43)
	at java.base@11.0.23/java.lang.reflect.Method.invoke(Method.java:566)
	at app//net.thucydides.core.steps.StepInterceptor.invokeMethod(StepInterceptor.java:522)
	at app//net.thucydides.core.steps.StepInterceptor.executeTestStepMethod(StepInterceptor.java:502)
	at app//net.thucydides.core.steps.StepInterceptor.runTestStep(StepInterceptor.java:474)
	at app//net.thucydides.core.steps.StepInterceptor.runOrSkipMethod(StepInterceptor.java:213)
	at app//net.thucydides.core.steps.StepInterceptor.testStepResult(StepInterceptor.java:200)
	at app//net.thucydides.core.steps.StepInterceptor.intercept(StepInterceptor.java:88)
	at app//net.thucydides.core.steps.ProxyConfiguration$InterceptorDispatcher.intercept(ProxyConfiguration.java:51)
	at app//net.serenitybdd.screenplay.actions.ClickOnTarget$ByteBuddy$JyIgw3uY.performAs(Unknown Source)
	at app//net.serenitybdd.screenplay.Actor.performTask(Actor.java:299)
	at app//net.serenitybdd.screenplay.Actor.perform(Actor.java:274)
	at app//net.serenitybdd.screenplay.Actor.attemptsTo(Actor.java:215)
	at app//net.serenitybdd.screenplay.Actor.attemptsTo(Actor.java:222)
	at app//com.demo.tasks.CheckBoxTask.performAs(CheckBoxTask.java:16)
	at app//com.demo.tasks.CheckBoxTask$ByteBuddy$xDZWx460.performAs$accessor$EPeR9WT7(Unknown Source)
	at java.base@11.0.23/jdk.internal.reflect.NativeMethodAccessorImpl.invoke0(Native Method)
	at java.base@11.0.23/jdk.internal.reflect.NativeMethodAccessorImpl.invoke(NativeMethodAccessorImpl.java:62)
	at java.base@11.0.23/jdk.internal.reflect.DelegatingMethodAccessorImpl.invoke(DelegatingMethodAccessorImpl.java:43)
	at java.base@11.0.23/java.lang.reflect.Method.invoke(Method.java:566)
	at app//net.thucydides.core.steps.StepInterceptor.invokeMethod(StepInterceptor.java:522)
	at app//net.thucydides.core.steps.StepInterceptor.executeTestStepMethod(StepInterceptor.java:502)
	at app//net.thucydides.core.steps.StepInterceptor.runTestStep(StepInterceptor.java:474)
	at app//net.thucydides.core.steps.StepInterceptor.runOrSkipMethod(StepInterceptor.java:213)
	at app//net.thucydides.core.steps.StepInterceptor.testStepResult(StepInterceptor.java:200)
	at app//net.thucydides.core.steps.StepInterceptor.intercept(StepInterceptor.java:88)
	at app//net.thucydides.core.steps.ProxyConfiguration$InterceptorDispatcher.intercept(ProxyConfiguration.java:51)
	at app//com.demo.tasks.CheckBoxTask$ByteBuddy$xDZWx460.performAs(Unknown Source)
	at app//net.serenitybdd.screenplay.Actor.performTask(Actor.java:299)
	at app//net.serenitybdd.screenplay.Actor.perform(Actor.java:274)
	at app//net.serenitybdd.screenplay.Actor.attemptsTo(Actor.java:215)
	at app//net.serenitybdd.screenplay.Actor.attemptsTo(Actor.java:222)
	at app//com.demo.stepDefinitions.elements.elUsuariointeractualaseccióncheckbox(elements.java:57)
	at ✽.el usuario interactua la sección checkbox(file:///C:/Users/rickn/Downloads/ProyectoBaseScreenplay-main-20240722T140951Z-001/ProyectoBaseScreenplay-main/src/test/resources/features/elements.feature:15)
</failure>
  </testcase>
  <testcase name="Interacción exitosa con el módulo radiobutton" classname="Navegación exitosa a una página en DemoQA" time="21.085"/>
  <testcase name="Interacción exitosa con el módulo weebelements" classname="Navegación exitosa a una página en DemoQA" time="40.022"/>
  <system-out><![CDATA[]]></system-out>
  <system-err><![CDATA[jul. 23, 2024 7:36:05 A. M. org.openqa.selenium.remote.service.DriverService$Builder getLogOutput
INFORMACIÓN: Driver logs no longer sent to console by default; https://www.selenium.dev/documentation/webdriver/drivers/service/#setting-log-output
jul. 23, 2024 7:36:11 A. M. org.openqa.selenium.devtools.CdpVersionFinder findNearestMatch
ADVERTENCIA: Unable to find CDP implementation matching 126
jul. 23, 2024 7:36:11 A. M. org.openqa.selenium.chromium.ChromiumDriver lambda$new$4
ADVERTENCIA: Unable to find version of CDP to use for . You may need to include a dependency on a specific version of the CDP using something similar to `org.seleniumhq.selenium:selenium-devtools-v86:4.10.0` where the version ("v86") matches the version of the chromium-based browser you're using and the version number of the artifact is the same as Selenium's.
jul. 23, 2024 7:36:52 A. M. org.openqa.selenium.remote.service.DriverService$Builder getLogOutput
INFORMACIÓN: Driver logs no longer sent to console by default; https://www.selenium.dev/documentation/webdriver/drivers/service/#setting-log-output
jul. 23, 2024 7:36:57 A. M. org.openqa.selenium.devtools.CdpVersionFinder findNearestMatch
ADVERTENCIA: Unable to find CDP implementation matching 126
jul. 23, 2024 7:36:57 A. M. org.openqa.selenium.chromium.ChromiumDriver lambda$new$4
ADVERTENCIA: Unable to find version of CDP to use for . You may need to include a dependency on a specific version of the CDP using something similar to `org.seleniumhq.selenium:selenium-devtools-v86:4.10.0` where the version ("v86") matches the version of the chromium-based browser you're using and the version number of the artifact is the same as Selenium's.
jul. 23, 2024 7:37:42 A. M. org.openqa.selenium.remote.service.DriverService$Builder getLogOutput
INFORMACIÓN: Driver logs no longer sent to console by default; https://www.selenium.dev/documentation/webdriver/drivers/service/#setting-log-output
jul. 23, 2024 7:37:46 A. M. org.openqa.selenium.devtools.CdpVersionFinder findNearestMatch
ADVERTENCIA: Unable to find CDP implementation matching 126
jul. 23, 2024 7:37:46 A. M. org.openqa.selenium.chromium.ChromiumDriver lambda$new$4
ADVERTENCIA: Unable to find version of CDP to use for . You may need to include a dependency on a specific version of the CDP using something similar to `org.seleniumhq.selenium:selenium-devtools-v86:4.10.0` where the version ("v86") matches the version of the chromium-based browser you're using and the version number of the artifact is the same as Selenium's.
jul. 23, 2024 7:38:04 A. M. org.openqa.selenium.remote.service.DriverService$Builder getLogOutput
INFORMACIÓN: Driver logs no longer sent to console by default; https://www.selenium.dev/documentation/webdriver/drivers/service/#setting-log-output
jul. 23, 2024 7:38:07 A. M. org.openqa.selenium.devtools.CdpVersionFinder findNearestMatch
ADVERTENCIA: Unable to find CDP implementation matching 126
jul. 23, 2024 7:38:07 A. M. org.openqa.selenium.chromium.ChromiumDriver lambda$new$4
ADVERTENCIA: Unable to find version of CDP to use for . You may need to include a dependency on a specific version of the CDP using something similar to `org.seleniumhq.selenium:selenium-devtools-v86:4.10.0` where the version ("v86") matches the version of the chromium-based browser you're using and the version number of the artifact is the same as Selenium's.
]]></system-err>
</testsuite>
